#
# There is insufficient memory for the Java Runtime Environment to continue.
# Native memory allocation (malloc) failed to allocate 38256 bytes. Error detail: Chunk::new
# Possible reasons:
#   The system is out of physical RAM or swap space
#   This process is running with CompressedOops enabled, and the Java Heap may be blocking the growth of the native heap
# Possible solutions:
#   Reduce memory load on the system
#   Increase physical memory or swap space
#   Check if swap backing store is full
#   Decrease Java heap size (-Xmx/-Xms)
#   Decrease number of Java threads
#   Decrease Java thread stack sizes (-Xss)
#   Set larger code cache with -XX:ReservedCodeCacheSize=
#   JVM is running with Unscaled Compressed Oops mode in which the Java heap is
#     placed in the first 4GB address space. The Java Heap base address is the
#     maximum limit for the native heap growth. Please use -XX:HeapBaseMinAddress
#     to set the Java Heap base and to place the Java Heap above 4GB virtual address.
# This output file may be truncated or incomplete.
#
#  Out of Memory Error (arena.cpp:149), pid=8140, tid=5044
#
# JRE version: Java(TM) SE Runtime Environment (23.0.1+11) (build 23.0.1+11-39)
# Java VM: Java HotSpot(TM) 64-Bit Server VM (23.0.1+11-39, mixed mode, sharing, tiered, compressed oops, compressed class ptrs, g1 gc, windows-amd64)
# No core dump will be written. Minidumps are not enabled by default on client versions of Windows
#

---------------  S U M M A R Y ------------

Command Line: -javaagent:C:\Program Files\JetBrains\IntelliJ IDEA Community Edition 2024.2.4\lib\idea_rt.jar=50301:C:\Program Files\JetBrains\IntelliJ IDEA Community Edition 2024.2.4\bin -Dfile.encoding=UTF-8 -Dsun.stdout.encoding=UTF-8 -Dsun.stderr.encoding=UTF-8 Urna.Main

Host: AMD Ryzen 5 4600H with Radeon Graphics         , 12 cores, 7G,  Windows 11 , 64 bit Build 22621 (10.0.22621.4830)
Time: Thu Feb 20 12:13:12 2025 Hora Padrão de Buenos Aires elapsed time: 33.634855 seconds (0d 0h 0m 33s)

---------------  T H R E A D  ---------------

Current thread (0x0000015ffd378590):  JavaThread "C2 CompilerThread0" daemon [_thread_in_native, id=5044, stack(0x0000001d64e00000,0x0000001d64f00000) (1024K)]


Current CompileTask:
C2:33634 1677       4       sun.awt.AWTAutoShutdown::notifyToolkitThreadBusy (8 bytes)

Stack: [0x0000001d64e00000,0x0000001d64f00000]
Native frames: (J=compiled Java code, j=interpreted, Vv=VM code, C=native code)
V  [jvm.dll+0x6e08b9]  (no source info available)
V  [jvm.dll+0x87dc83]  (no source info available)
V  [jvm.dll+0x88010e]  (no source info available)
V  [jvm.dll+0x8807e3]  (no source info available)
V  [jvm.dll+0x27aee6]  (no source info available)
V  [jvm.dll+0xbc06f]  (no source info available)
V  [jvm.dll+0xbc2cb]  (no source info available)
V  [jvm.dll+0x3b3a62]  (no source info available)
V  [jvm.dll+0x38a42b]  (no source info available)
V  [jvm.dll+0x38989a]  (no source info available)
V  [jvm.dll+0x244aa1]  (no source info available)
V  [jvm.dll+0x243dff]  (no source info available)
V  [jvm.dll+0x1c33a0]  (no source info available)
V  [jvm.dll+0x253cf1]  (no source info available)
V  [jvm.dll+0x251faa]  (no source info available)
V  [jvm.dll+0x3ee036]  (no source info available)
V  [jvm.dll+0x824f8b]  (no source info available)
V  [jvm.dll+0x6df065]  (no source info available)
C  [ucrtbase.dll+0x29333]  (no source info available)
C  [KERNEL32.DLL+0x1259d]  (no source info available)
C  [ntdll.dll+0x5af38]  (no source info available)

Lock stack of current Java thread (top to bottom):


---------------  P R O C E S S  ---------------

Threads class SMR info:
_java_thread_list=0x0000015f979280c0, length=18, elements={
0x0000015ffd3613c0, 0x0000015ffd362180, 0x0000015ffd368b50, 0x0000015ffd3696e0,
0x0000015ffd36b150, 0x0000015ffd3763e0, 0x0000015ffd378590, 0x0000015ffd37c540,
0x0000015f9774e930, 0x0000015f9786b3d0, 0x0000015f9786ba40, 0x0000015f979b5120,
0x0000015f979b5c10, 0x0000015f979b70f0, 0x0000015fddbbd9c0, 0x0000015ff56f0a20,
0x0000015fddc3fbb0, 0x0000015fddde0810
}

Java Threads: ( => current thread )
  0x0000015ffd3613c0 JavaThread "Reference Handler"          daemon [_thread_blocked, id=2620, stack(0x0000001d64800000,0x0000001d64900000) (1024K)]
  0x0000015ffd362180 JavaThread "Finalizer"                  daemon [_thread_blocked, id=15096, stack(0x0000001d64900000,0x0000001d64a00000) (1024K)]
  0x0000015ffd368b50 JavaThread "Signal Dispatcher"          daemon [_thread_blocked, id=13344, stack(0x0000001d64a00000,0x0000001d64b00000) (1024K)]
  0x0000015ffd3696e0 JavaThread "Attach Listener"            daemon [_thread_blocked, id=300, stack(0x0000001d64b00000,0x0000001d64c00000) (1024K)]
  0x0000015ffd36b150 JavaThread "Service Thread"             daemon [_thread_blocked, id=6296, stack(0x0000001d64c00000,0x0000001d64d00000) (1024K)]
  0x0000015ffd3763e0 JavaThread "Monitor Deflation Thread"   daemon [_thread_blocked, id=13076, stack(0x0000001d64d00000,0x0000001d64e00000) (1024K)]
=>0x0000015ffd378590 JavaThread "C2 CompilerThread0"         daemon [_thread_in_native, id=5044, stack(0x0000001d64e00000,0x0000001d64f00000) (1024K)]
  0x0000015ffd37c540 JavaThread "C1 CompilerThread0"         daemon [_thread_blocked, id=14920, stack(0x0000001d64f00000,0x0000001d65000000) (1024K)]
  0x0000015f9774e930 JavaThread "Common-Cleaner"             daemon [_thread_blocked, id=15036, stack(0x0000001d65000000,0x0000001d65100000) (1024K)]
  0x0000015f9786b3d0 JavaThread "Monitor Ctrl-Break"         daemon [_thread_in_native, id=16052, stack(0x0000001d65100000,0x0000001d65200000) (1024K)]
  0x0000015f9786ba40 JavaThread "Notification Thread"        daemon [_thread_blocked, id=11908, stack(0x0000001d65200000,0x0000001d65300000) (1024K)]
  0x0000015f979b5120 JavaThread "Java2D Disposer"            daemon [_thread_blocked, id=12220, stack(0x0000001d65300000,0x0000001d65400000) (1024K)]
  0x0000015f979b5c10 JavaThread "AWT-Shutdown"                      [_thread_blocked, id=11352, stack(0x0000001d65400000,0x0000001d65500000) (1024K)]
  0x0000015f979b70f0 JavaThread "AWT-Windows"                daemon [_thread_in_native, id=5744, stack(0x0000001d65500000,0x0000001d65600000) (1024K)]
  0x0000015fddbbd9c0 JavaThread "AWT-EventQueue-0"                  [_thread_blocked, id=10388, stack(0x0000001d66000000,0x0000001d66100000) (1024K)]
  0x0000015ff56f0a20 JavaThread "DestroyJavaVM"                     [_thread_blocked, id=5936, stack(0x0000001d64000000,0x0000001d64100000) (1024K)]
  0x0000015fddc3fbb0 JavaThread "D3D Screen Updater"         daemon [_thread_blocked, id=4040, stack(0x0000001d66100000,0x0000001d66200000) (1024K)]
  0x0000015fddde0810 JavaThread "TimerQueue"                 daemon [_thread_blocked, id=3036, stack(0x0000001d66300000,0x0000001d66400000) (1024K)]
Total: 18

Other Threads:
  0x0000015ffd349fa0 VMThread "VM Thread"                           [id=11072, stack(0x0000001d64700000,0x0000001d64800000) (1024K)]
  0x0000015ffd338500 WatcherThread "VM Periodic Task Thread"        [id=12548, stack(0x0000001d64600000,0x0000001d64700000) (1024K)]
  0x0000015ff7a6b260 WorkerThread "GC Thread#0"                     [id=10760, stack(0x0000001d64100000,0x0000001d64200000) (1024K)]
  0x0000015ff7a7fd50 ConcurrentGCThread "G1 Main Marker"            [id=16356, stack(0x0000001d64200000,0x0000001d64300000) (1024K)]
  0x0000015ff7a80860 WorkerThread "G1 Conc#0"                       [id=14992, stack(0x0000001d64300000,0x0000001d64400000) (1024K)]
  0x0000015ffd20bae0 ConcurrentGCThread "G1 Refine#0"               [id=12280, stack(0x0000001d64400000,0x0000001d64500000) (1024K)]
  0x0000015ffd20c570 ConcurrentGCThread "G1 Service"                [id=2188, stack(0x0000001d64500000,0x0000001d64600000) (1024K)]
Total: 7

Threads with active compile tasks:
C2 CompilerThread0  33651 1677       4       sun.awt.AWTAutoShutdown::notifyToolkitThreadBusy (8 bytes)
Total: 1

VM state: not at safepoint (normal execution)

VM Mutex/Monitor currently owned by a thread: None

Heap address: 0x0000000089400000, size: 1900 MB, Compressed Oops mode: 32-bit

CDS archive(s) mapped at: [0x0000015f98000000-0x0000015f98d70000-0x0000015f98d70000), size 14090240, SharedBaseAddress: 0x0000015f98000000, ArchiveRelocationMode: 1.
Compressed class space mapped at: 0x0000015f99000000-0x0000015fd9000000, reserved size: 1073741824
Narrow klass base: 0x0000015f98000000, Narrow klass shift: 0, Narrow klass range: 0x41000000

GC Precious Log:
 CardTable entry size: 512
 Card Set container configuration: InlinePtr #cards 5 size 8 Array Of Cards #cards 10 size 36 Howl #buckets 4 coarsen threshold 1843 Howl Bitmap #cards 512 size 80 coarsen threshold 460 Card regions per heap region 1 cards per card region 2048
 CPUs: 12 total, 12 available
 Memory: 7596M
 Large Page Support: Disabled
 NUMA Support: Disabled
 Compressed Oops: Enabled (32-bit)
 Heap Region Size: 1M
 Heap Min Capacity: 8M
 Heap Initial Capacity: 120M
 Heap Max Capacity: 1900M
 Pre-touch: Disabled
 Parallel Workers: 10
 Concurrent Workers: 3
 Concurrent Refinement Workers: 10
 Periodic GC: Disabled

Heap:
 garbage-first heap   total reserved 1945600K, committed 122880K, used 12288K [0x0000000089400000, 0x0000000100000000)
  region size 1024K, 13 young (13312K), 0 survivors (0K)
 Metaspace       used 10674K, committed 10944K, reserved 1114112K
  class space    used 1283K, committed 1408K, reserved 1048576K

Heap Regions: E=young(eden), S=young(survivor), O=old, HS=humongous(starts), HC=humongous(continues), CS=collection set, F=free, TAMS=top-at-mark-start, PB=parsable bottom
|   0|0x0000000089400000, 0x0000000089400000, 0x0000000089500000|  0%| F|  |TAMS 0x0000000089400000| PB 0x0000000089400000| Untracked |  0
|   1|0x0000000089500000, 0x0000000089500000, 0x0000000089600000|  0%| F|  |TAMS 0x0000000089500000| PB 0x0000000089500000| Untracked |  0
|   2|0x0000000089600000, 0x0000000089600000, 0x0000000089700000|  0%| F|  |TAMS 0x0000000089600000| PB 0x0000000089600000| Untracked |  0
|   3|0x0000000089700000, 0x0000000089700000, 0x0000000089800000|  0%| F|  |TAMS 0x0000000089700000| PB 0x0000000089700000| Untracked |  0
|   4|0x0000000089800000, 0x0000000089800000, 0x0000000089900000|  0%| F|  |TAMS 0x0000000089800000| PB 0x0000000089800000| Untracked |  0
|   5|0x0000000089900000, 0x0000000089900000, 0x0000000089a00000|  0%| F|  |TAMS 0x0000000089900000| PB 0x0000000089900000| Untracked |  0
|   6|0x0000000089a00000, 0x0000000089a00000, 0x0000000089b00000|  0%| F|  |TAMS 0x0000000089a00000| PB 0x0000000089a00000| Untracked |  0
|   7|0x0000000089b00000, 0x0000000089b00000, 0x0000000089c00000|  0%| F|  |TAMS 0x0000000089b00000| PB 0x0000000089b00000| Untracked |  0
|   8|0x0000000089c00000, 0x0000000089c00000, 0x0000000089d00000|  0%| F|  |TAMS 0x0000000089c00000| PB 0x0000000089c00000| Untracked |  0
|   9|0x0000000089d00000, 0x0000000089d00000, 0x0000000089e00000|  0%| F|  |TAMS 0x0000000089d00000| PB 0x0000000089d00000| Untracked |  0
|  10|0x0000000089e00000, 0x0000000089e00000, 0x0000000089f00000|  0%| F|  |TAMS 0x0000000089e00000| PB 0x0000000089e00000| Untracked |  0
|  11|0x0000000089f00000, 0x0000000089f00000, 0x000000008a000000|  0%| F|  |TAMS 0x0000000089f00000| PB 0x0000000089f00000| Untracked |  0
|  12|0x000000008a000000, 0x000000008a000000, 0x000000008a100000|  0%| F|  |TAMS 0x000000008a000000| PB 0x000000008a000000| Untracked |  0
|  13|0x000000008a100000, 0x000000008a100000, 0x000000008a200000|  0%| F|  |TAMS 0x000000008a100000| PB 0x000000008a100000| Untracked |  0
|  14|0x000000008a200000, 0x000000008a200000, 0x000000008a300000|  0%| F|  |TAMS 0x000000008a200000| PB 0x000000008a200000| Untracked |  0
|  15|0x000000008a300000, 0x000000008a300000, 0x000000008a400000|  0%| F|  |TAMS 0x000000008a300000| PB 0x000000008a300000| Untracked |  0
|  16|0x000000008a400000, 0x000000008a400000, 0x000000008a500000|  0%| F|  |TAMS 0x000000008a400000| PB 0x000000008a400000| Untracked |  0
|  17|0x000000008a500000, 0x000000008a500000, 0x000000008a600000|  0%| F|  |TAMS 0x000000008a500000| PB 0x000000008a500000| Untracked |  0
|  18|0x000000008a600000, 0x000000008a600000, 0x000000008a700000|  0%| F|  |TAMS 0x000000008a600000| PB 0x000000008a600000| Untracked |  0
|  19|0x000000008a700000, 0x000000008a700000, 0x000000008a800000|  0%| F|  |TAMS 0x000000008a700000| PB 0x000000008a700000| Untracked |  0
|  20|0x000000008a800000, 0x000000008a800000, 0x000000008a900000|  0%| F|  |TAMS 0x000000008a800000| PB 0x000000008a800000| Untracked |  0
|  21|0x000000008a900000, 0x000000008a900000, 0x000000008aa00000|  0%| F|  |TAMS 0x000000008a900000| PB 0x000000008a900000| Untracked |  0
|  22|0x000000008aa00000, 0x000000008aa00000, 0x000000008ab00000|  0%| F|  |TAMS 0x000000008aa00000| PB 0x000000008aa00000| Untracked |  0
|  23|0x000000008ab00000, 0x000000008ab00000, 0x000000008ac00000|  0%| F|  |TAMS 0x000000008ab00000| PB 0x000000008ab00000| Untracked |  0
|  24|0x000000008ac00000, 0x000000008ac00000, 0x000000008ad00000|  0%| F|  |TAMS 0x000000008ac00000| PB 0x000000008ac00000| Untracked |  0
|  25|0x000000008ad00000, 0x000000008ad00000, 0x000000008ae00000|  0%| F|  |TAMS 0x000000008ad00000| PB 0x000000008ad00000| Untracked |  0
|  26|0x000000008ae00000, 0x000000008ae00000, 0x000000008af00000|  0%| F|  |TAMS 0x000000008ae00000| PB 0x000000008ae00000| Untracked |  0
|  27|0x000000008af00000, 0x000000008af00000, 0x000000008b000000|  0%| F|  |TAMS 0x000000008af00000| PB 0x000000008af00000| Untracked |  0
|  28|0x000000008b000000, 0x000000008b000000, 0x000000008b100000|  0%| F|  |TAMS 0x000000008b000000| PB 0x000000008b000000| Untracked |  0
|  29|0x000000008b100000, 0x000000008b100000, 0x000000008b200000|  0%| F|  |TAMS 0x000000008b100000| PB 0x000000008b100000| Untracked |  0
|  30|0x000000008b200000, 0x000000008b200000, 0x000000008b300000|  0%| F|  |TAMS 0x000000008b200000| PB 0x000000008b200000| Untracked |  0
|  31|0x000000008b300000, 0x000000008b300000, 0x000000008b400000|  0%| F|  |TAMS 0x000000008b300000| PB 0x000000008b300000| Untracked |  0
|  32|0x000000008b400000, 0x000000008b400000, 0x000000008b500000|  0%| F|  |TAMS 0x000000008b400000| PB 0x000000008b400000| Untracked |  0
|  33|0x000000008b500000, 0x000000008b500000, 0x000000008b600000|  0%| F|  |TAMS 0x000000008b500000| PB 0x000000008b500000| Untracked |  0
|  34|0x000000008b600000, 0x000000008b600000, 0x000000008b700000|  0%| F|  |TAMS 0x000000008b600000| PB 0x000000008b600000| Untracked |  0
|  35|0x000000008b700000, 0x000000008b700000, 0x000000008b800000|  0%| F|  |TAMS 0x000000008b700000| PB 0x000000008b700000| Untracked |  0
|  36|0x000000008b800000, 0x000000008b800000, 0x000000008b900000|  0%| F|  |TAMS 0x000000008b800000| PB 0x000000008b800000| Untracked |  0
|  37|0x000000008b900000, 0x000000008b900000, 0x000000008ba00000|  0%| F|  |TAMS 0x000000008b900000| PB 0x000000008b900000| Untracked |  0
|  38|0x000000008ba00000, 0x000000008ba00000, 0x000000008bb00000|  0%| F|  |TAMS 0x000000008ba00000| PB 0x000000008ba00000| Untracked |  0
|  39|0x000000008bb00000, 0x000000008bb00000, 0x000000008bc00000|  0%| F|  |TAMS 0x000000008bb00000| PB 0x000000008bb00000| Untracked |  0
|  40|0x000000008bc00000, 0x000000008bc00000, 0x000000008bd00000|  0%| F|  |TAMS 0x000000008bc00000| PB 0x000000008bc00000| Untracked |  0
|  41|0x000000008bd00000, 0x000000008bd00000, 0x000000008be00000|  0%| F|  |TAMS 0x000000008bd00000| PB 0x000000008bd00000| Untracked |  0
|  42|0x000000008be00000, 0x000000008be00000, 0x000000008bf00000|  0%| F|  |TAMS 0x000000008be00000| PB 0x000000008be00000| Untracked |  0
|  43|0x000000008bf00000, 0x000000008bf00000, 0x000000008c000000|  0%| F|  |TAMS 0x000000008bf00000| PB 0x000000008bf00000| Untracked |  0
|  44|0x000000008c000000, 0x000000008c000000, 0x000000008c100000|  0%| F|  |TAMS 0x000000008c000000| PB 0x000000008c000000| Untracked |  0
|  45|0x000000008c100000, 0x000000008c100000, 0x000000008c200000|  0%| F|  |TAMS 0x000000008c100000| PB 0x000000008c100000| Untracked |  0
|  46|0x000000008c200000, 0x000000008c200000, 0x000000008c300000|  0%| F|  |TAMS 0x000000008c200000| PB 0x000000008c200000| Untracked |  0
|  47|0x000000008c300000, 0x000000008c300000, 0x000000008c400000|  0%| F|  |TAMS 0x000000008c300000| PB 0x000000008c300000| Untracked |  0
|  48|0x000000008c400000, 0x000000008c400000, 0x000000008c500000|  0%| F|  |TAMS 0x000000008c400000| PB 0x000000008c400000| Untracked |  0
|  49|0x000000008c500000, 0x000000008c500000, 0x000000008c600000|  0%| F|  |TAMS 0x000000008c500000| PB 0x000000008c500000| Untracked |  0
|  50|0x000000008c600000, 0x000000008c600000, 0x000000008c700000|  0%| F|  |TAMS 0x000000008c600000| PB 0x000000008c600000| Untracked |  0
|  51|0x000000008c700000, 0x000000008c700000, 0x000000008c800000|  0%| F|  |TAMS 0x000000008c700000| PB 0x000000008c700000| Untracked |  0
|  52|0x000000008c800000, 0x000000008c800000, 0x000000008c900000|  0%| F|  |TAMS 0x000000008c800000| PB 0x000000008c800000| Untracked |  0
|  53|0x000000008c900000, 0x000000008c900000, 0x000000008ca00000|  0%| F|  |TAMS 0x000000008c900000| PB 0x000000008c900000| Untracked |  0
|  54|0x000000008ca00000, 0x000000008ca00000, 0x000000008cb00000|  0%| F|  |TAMS 0x000000008ca00000| PB 0x000000008ca00000| Untracked |  0
|  55|0x000000008cb00000, 0x000000008cb00000, 0x000000008cc00000|  0%| F|  |TAMS 0x000000008cb00000| PB 0x000000008cb00000| Untracked |  0
|  56|0x000000008cc00000, 0x000000008cc00000, 0x000000008cd00000|  0%| F|  |TAMS 0x000000008cc00000| PB 0x000000008cc00000| Untracked |  0
|  57|0x000000008cd00000, 0x000000008cd00000, 0x000000008ce00000|  0%| F|  |TAMS 0x000000008cd00000| PB 0x000000008cd00000| Untracked |  0
|  58|0x000000008ce00000, 0x000000008ce00000, 0x000000008cf00000|  0%| F|  |TAMS 0x000000008ce00000| PB 0x000000008ce00000| Untracked |  0
|  59|0x000000008cf00000, 0x000000008cf00000, 0x000000008d000000|  0%| F|  |TAMS 0x000000008cf00000| PB 0x000000008cf00000| Untracked |  0
|  60|0x000000008d000000, 0x000000008d000000, 0x000000008d100000|  0%| F|  |TAMS 0x000000008d000000| PB 0x000000008d000000| Untracked |  0
|  61|0x000000008d100000, 0x000000008d100000, 0x000000008d200000|  0%| F|  |TAMS 0x000000008d100000| PB 0x000000008d100000| Untracked |  0
|  62|0x000000008d200000, 0x000000008d200000, 0x000000008d300000|  0%| F|  |TAMS 0x000000008d200000| PB 0x000000008d200000| Untracked |  0
|  63|0x000000008d300000, 0x000000008d300000, 0x000000008d400000|  0%| F|  |TAMS 0x000000008d300000| PB 0x000000008d300000| Untracked |  0
|  64|0x000000008d400000, 0x000000008d400000, 0x000000008d500000|  0%| F|  |TAMS 0x000000008d400000| PB 0x000000008d400000| Untracked |  0
|  65|0x000000008d500000, 0x000000008d500000, 0x000000008d600000|  0%| F|  |TAMS 0x000000008d500000| PB 0x000000008d500000| Untracked |  0
|  66|0x000000008d600000, 0x000000008d600000, 0x000000008d700000|  0%| F|  |TAMS 0x000000008d600000| PB 0x000000008d600000| Untracked |  0
|  67|0x000000008d700000, 0x000000008d700000, 0x000000008d800000|  0%| F|  |TAMS 0x000000008d700000| PB 0x000000008d700000| Untracked |  0
|  68|0x000000008d800000, 0x000000008d800000, 0x000000008d900000|  0%| F|  |TAMS 0x000000008d800000| PB 0x000000008d800000| Untracked |  0
|  69|0x000000008d900000, 0x000000008d900000, 0x000000008da00000|  0%| F|  |TAMS 0x000000008d900000| PB 0x000000008d900000| Untracked |  0
|  70|0x000000008da00000, 0x000000008da00000, 0x000000008db00000|  0%| F|  |TAMS 0x000000008da00000| PB 0x000000008da00000| Untracked |  0
|  71|0x000000008db00000, 0x000000008db00000, 0x000000008dc00000|  0%| F|  |TAMS 0x000000008db00000| PB 0x000000008db00000| Untracked |  0
|  72|0x000000008dc00000, 0x000000008dc00000, 0x000000008dd00000|  0%| F|  |TAMS 0x000000008dc00000| PB 0x000000008dc00000| Untracked |  0
|  73|0x000000008dd00000, 0x000000008dd00000, 0x000000008de00000|  0%| F|  |TAMS 0x000000008dd00000| PB 0x000000008dd00000| Untracked |  0
|  74|0x000000008de00000, 0x000000008de00000, 0x000000008df00000|  0%| F|  |TAMS 0x000000008de00000| PB 0x000000008de00000| Untracked |  0
|  75|0x000000008df00000, 0x000000008df00000, 0x000000008e000000|  0%| F|  |TAMS 0x000000008df00000| PB 0x000000008df00000| Untracked |  0
|  76|0x000000008e000000, 0x000000008e000000, 0x000000008e100000|  0%| F|  |TAMS 0x000000008e000000| PB 0x000000008e000000| Untracked |  0
|  77|0x000000008e100000, 0x000000008e100000, 0x000000008e200000|  0%| F|  |TAMS 0x000000008e100000| PB 0x000000008e100000| Untracked |  0
|  78|0x000000008e200000, 0x000000008e200000, 0x000000008e300000|  0%| F|  |TAMS 0x000000008e200000| PB 0x000000008e200000| Untracked |  0
|  79|0x000000008e300000, 0x000000008e300000, 0x000000008e400000|  0%| F|  |TAMS 0x000000008e300000| PB 0x000000008e300000| Untracked |  0
|  80|0x000000008e400000, 0x000000008e400000, 0x000000008e500000|  0%| F|  |TAMS 0x000000008e400000| PB 0x000000008e400000| Untracked |  0
|  81|0x000000008e500000, 0x000000008e500000, 0x000000008e600000|  0%| F|  |TAMS 0x000000008e500000| PB 0x000000008e500000| Untracked |  0
|  82|0x000000008e600000, 0x000000008e600000, 0x000000008e700000|  0%| F|  |TAMS 0x000000008e600000| PB 0x000000008e600000| Untracked |  0
|  83|0x000000008e700000, 0x000000008e700000, 0x000000008e800000|  0%| F|  |TAMS 0x000000008e700000| PB 0x000000008e700000| Untracked |  0
|  84|0x000000008e800000, 0x000000008e800000, 0x000000008e900000|  0%| F|  |TAMS 0x000000008e800000| PB 0x000000008e800000| Untracked |  0
|  85|0x000000008e900000, 0x000000008e900000, 0x000000008ea00000|  0%| F|  |TAMS 0x000000008e900000| PB 0x000000008e900000| Untracked |  0
|  86|0x000000008ea00000, 0x000000008ea00000, 0x000000008eb00000|  0%| F|  |TAMS 0x000000008ea00000| PB 0x000000008ea00000| Untracked |  0
|  87|0x000000008eb00000, 0x000000008eb00000, 0x000000008ec00000|  0%| F|  |TAMS 0x000000008eb00000| PB 0x000000008eb00000| Untracked |  0
|  88|0x000000008ec00000, 0x000000008ec00000, 0x000000008ed00000|  0%| F|  |TAMS 0x000000008ec00000| PB 0x000000008ec00000| Untracked |  0
|  89|0x000000008ed00000, 0x000000008ed00000, 0x000000008ee00000|  0%| F|  |TAMS 0x000000008ed00000| PB 0x000000008ed00000| Untracked |  0
|  90|0x000000008ee00000, 0x000000008ee00000, 0x000000008ef00000|  0%| F|  |TAMS 0x000000008ee00000| PB 0x000000008ee00000| Untracked |  0
|  91|0x000000008ef00000, 0x000000008ef00000, 0x000000008f000000|  0%| F|  |TAMS 0x000000008ef00000| PB 0x000000008ef00000| Untracked |  0
|  92|0x000000008f000000, 0x000000008f000000, 0x000000008f100000|  0%| F|  |TAMS 0x000000008f000000| PB 0x000000008f000000| Untracked |  0
|  93|0x000000008f100000, 0x000000008f100000, 0x000000008f200000|  0%| F|  |TAMS 0x000000008f100000| PB 0x000000008f100000| Untracked |  0
|  94|0x000000008f200000, 0x000000008f200000, 0x000000008f300000|  0%| F|  |TAMS 0x000000008f200000| PB 0x000000008f200000| Untracked |  0
|  95|0x000000008f300000, 0x000000008f300000, 0x000000008f400000|  0%| F|  |TAMS 0x000000008f300000| PB 0x000000008f300000| Untracked |  0
|  96|0x000000008f400000, 0x000000008f400000, 0x000000008f500000|  0%| F|  |TAMS 0x000000008f400000| PB 0x000000008f400000| Untracked |  0
|  97|0x000000008f500000, 0x000000008f500000, 0x000000008f600000|  0%| F|  |TAMS 0x000000008f500000| PB 0x000000008f500000| Untracked |  0
|  98|0x000000008f600000, 0x000000008f600000, 0x000000008f700000|  0%| F|  |TAMS 0x000000008f600000| PB 0x000000008f600000| Untracked |  0
|  99|0x000000008f700000, 0x000000008f700000, 0x000000008f800000|  0%| F|  |TAMS 0x000000008f700000| PB 0x000000008f700000| Untracked |  0
| 100|0x000000008f800000, 0x000000008f800000, 0x000000008f900000|  0%| F|  |TAMS 0x000000008f800000| PB 0x000000008f800000| Untracked |  0
| 101|0x000000008f900000, 0x000000008f900000, 0x000000008fa00000|  0%| F|  |TAMS 0x000000008f900000| PB 0x000000008f900000| Untracked |  0
| 102|0x000000008fa00000, 0x000000008fa00000, 0x000000008fb00000|  0%| F|  |TAMS 0x000000008fa00000| PB 0x000000008fa00000| Untracked |  0
| 103|0x000000008fb00000, 0x000000008fb00000, 0x000000008fc00000|  0%| F|  |TAMS 0x000000008fb00000| PB 0x000000008fb00000| Untracked |  0
| 104|0x000000008fc00000, 0x000000008fc00000, 0x000000008fd00000|  0%| F|  |TAMS 0x000000008fc00000| PB 0x000000008fc00000| Untracked |  0
| 105|0x000000008fd00000, 0x000000008fd00000, 0x000000008fe00000|  0%| F|  |TAMS 0x000000008fd00000| PB 0x000000008fd00000| Untracked |  0
| 106|0x000000008fe00000, 0x000000008fe00000, 0x000000008ff00000|  0%| F|  |TAMS 0x000000008fe00000| PB 0x000000008fe00000| Untracked |  0
| 107|0x000000008ff00000, 0x000000008ff7aee0, 0x0000000090000000| 48%| E|  |TAMS 0x000000008ff00000| PB 0x000000008ff00000| Complete |  0
| 108|0x0000000090000000, 0x0000000090100000, 0x0000000090100000|100%| E|CS|TAMS 0x0000000090000000| PB 0x0000000090000000| Complete |  0
| 109|0x0000000090100000, 0x0000000090200000, 0x0000000090200000|100%| E|CS|TAMS 0x0000000090100000| PB 0x0000000090100000| Complete |  0
| 110|0x0000000090200000, 0x0000000090300000, 0x0000000090300000|100%| E|CS|TAMS 0x0000000090200000| PB 0x0000000090200000| Complete |  0
| 111|0x0000000090300000, 0x0000000090400000, 0x0000000090400000|100%| E|CS|TAMS 0x0000000090300000| PB 0x0000000090300000| Complete |  0
| 112|0x0000000090400000, 0x0000000090500000, 0x0000000090500000|100%| E|CS|TAMS 0x0000000090400000| PB 0x0000000090400000| Complete |  0
| 113|0x0000000090500000, 0x0000000090600000, 0x0000000090600000|100%| E|CS|TAMS 0x0000000090500000| PB 0x0000000090500000| Complete |  0
| 114|0x0000000090600000, 0x0000000090700000, 0x0000000090700000|100%| E|CS|TAMS 0x0000000090600000| PB 0x0000000090600000| Complete |  0
| 115|0x0000000090700000, 0x0000000090800000, 0x0000000090800000|100%| E|CS|TAMS 0x0000000090700000| PB 0x0000000090700000| Complete |  0
| 116|0x0000000090800000, 0x0000000090900000, 0x0000000090900000|100%| E|CS|TAMS 0x0000000090800000| PB 0x0000000090800000| Complete |  0
| 117|0x0000000090900000, 0x0000000090a00000, 0x0000000090a00000|100%| E|CS|TAMS 0x0000000090900000| PB 0x0000000090900000| Complete |  0
| 118|0x0000000090a00000, 0x0000000090b00000, 0x0000000090b00000|100%| E|CS|TAMS 0x0000000090a00000| PB 0x0000000090a00000| Complete |  0
| 119|0x0000000090b00000, 0x0000000090c00000, 0x0000000090c00000|100%| E|CS|TAMS 0x0000000090b00000| PB 0x0000000090b00000| Complete |  0

Card table byte_map: [0x0000015ff8500000,0x0000015ff88c0000] _byte_map_base: 0x0000015ff80b6000

Marking Bits: (CMBitMap*) 0x0000015ff7a6b970
 Bits: [0x0000015ff88c0000, 0x0000015ffa670000)

Polling page: 0x0000015ff58c0000

Metaspace:

Usage:
  Non-class:      9.17 MB used.
      Class:      1.25 MB used.
       Both:     10.42 MB used.

Virtual space:
  Non-class space:       64.00 MB reserved,       9.31 MB ( 15%) committed,  1 nodes.
      Class space:        1.00 GB reserved,       1.38 MB ( <1%) committed,  1 nodes.
             Both:        1.06 GB reserved,      10.69 MB ( <1%) committed. 

Chunk freelists:
   Non-Class:  6.48 MB
       Class:  14.62 MB
        Both:  21.10 MB

MaxMetaspaceSize: unlimited
CompressedClassSpaceSize: 1.00 GB
Initial GC threshold: 21.00 MB
Current GC threshold: 21.00 MB
CDS: on
 - commit_granule_bytes: 65536.
 - commit_granule_words: 8192.
 - virtual_space_node_default_size: 8388608.
 - enlarge_chunks_in_place: 1.
 - use_allocation_guard: 0.


Internal statistics:

num_allocs_failed_limit: 0.
num_arena_births: 170.
num_arena_deaths: 0.
num_vsnodes_births: 2.
num_vsnodes_deaths: 0.
num_space_committed: 171.
num_space_uncommitted: 0.
num_chunks_returned_to_freelist: 0.
num_chunks_taken_from_freelist: 237.
num_chunk_merges: 0.
num_chunk_splits: 133.
num_chunks_enlarged: 48.
num_inconsistent_stats: 0.

CodeHeap 'non-profiled nmethods': size=120064Kb used=460Kb max_used=460Kb free=119603Kb
 bounds [0x0000015f90130000, 0x0000015f903a0000, 0x0000015f97670000]
CodeHeap 'profiled nmethods': size=120000Kb used=2412Kb max_used=2412Kb free=117587Kb
 bounds [0x0000015f88670000, 0x0000015f888e0000, 0x0000015f8fba0000]
CodeHeap 'non-nmethods': size=5696Kb used=1603Kb max_used=1634Kb free=4092Kb
 bounds [0x0000015f8fba0000, 0x0000015f8fe10000, 0x0000015f90130000]
CodeCache: size=245760Kb, used=4475Kb, max_used=4506Kb, free=241282Kb
 total_blobs=2351, nmethods=1675, adapters=581, full_count=0
Compilation: enabled, stopped_count=0, restarted_count=0

Compilation events (20 events):
Event: 32.890 Thread 0x0000015ffd37c540 nmethod 1667 0x0000015f888c8788 code [0x0000015f888c89e0, 0x0000015f888c9aa0]
Event: 32.890 Thread 0x0000015ffd37c540 1668       3       java.awt.Container::getListenersCount (52 bytes)
Event: 32.890 Thread 0x0000015ffd37c540 nmethod 1668 0x0000015f888c9b88 code [0x0000015f888c9d00, 0x0000015f888ca158]
Event: 32.892 Thread 0x0000015ffd37c540 1669   !   3       javax.swing.JComponent::paintComponent (44 bytes)
Event: 32.893 Thread 0x0000015ffd37c540 nmethod 1669 0x0000015f888ca188 code [0x0000015f888ca320, 0x0000015f888ca950]
Event: 32.893 Thread 0x0000015ffd37c540 1670       3       javax.swing.JComponent::paintBorder (28 bytes)
Event: 32.893 Thread 0x0000015ffd37c540 nmethod 1670 0x0000015f888ca988 code [0x0000015f888caac0, 0x0000015f888caf60]
Event: 32.934 Thread 0x0000015ffd37c540 1671       1       sun.awt.windows.WToolkit::needUpdateWindow (2 bytes)
Event: 32.934 Thread 0x0000015ffd37c540 nmethod 1671 0x0000015f901a2388 code [0x0000015f901a24a0, 0x0000015f901a2568]
Event: 33.190 Thread 0x0000015ffd378590 1672       4       sun.java2d.pipe.PixelToParallelogramConverter::normalize (15 bytes)
Event: 33.191 Thread 0x0000015ffd378590 nmethod 1672 0x0000015f901a2688 code [0x0000015f901a2780, 0x0000015f901a2808]
Event: 33.203 Thread 0x0000015ffd378590 1673       4       java.awt.EventQueue::eventToCacheIndex (80 bytes)
Event: 33.204 Thread 0x0000015ffd378590 nmethod 1673 0x0000015f901a2988 code [0x0000015f901a2a80, 0x0000015f901a2b90]
Event: 33.294 Thread 0x0000015ffd37c540 1674       1       javax.swing.JList::getModel (5 bytes)
Event: 33.294 Thread 0x0000015ffd37c540 nmethod 1674 0x0000015f901a2c88 code [0x0000015f901a2da0, 0x0000015f901a2e70]
Event: 33.407 Thread 0x0000015ffd37c540 1675       3       java.util.PriorityQueue::peek (7 bytes)
Event: 33.407 Thread 0x0000015ffd37c540 nmethod 1675 0x0000015f888cb008 code [0x0000015f888cb120, 0x0000015f888cb258]
Event: 33.414 Thread 0x0000015ffd37c540 1676       1       javax.swing.TimerQueue$DelayedTimer::getTimer (5 bytes)
Event: 33.414 Thread 0x0000015ffd37c540 nmethod 1676 0x0000015f901a2f88 code [0x0000015f901a30a0, 0x0000015f901a3168]
Event: 33.624 Thread 0x0000015ffd378590 1677       4       sun.awt.AWTAutoShutdown::notifyToolkitThreadBusy (8 bytes)

GC Heap History (0 events):
No events

Dll operation events (13 events):
Event: 0.009 Loaded shared library C:\Program Files\Java\jdk-23\bin\java.dll
Event: 0.037 Loaded shared library C:\Program Files\Java\jdk-23\bin\jsvml.dll
Event: 0.075 Loaded shared library C:\Program Files\Java\jdk-23\bin\zip.dll
Event: 0.078 Loaded shared library C:\Program Files\Java\jdk-23\bin\instrument.dll
Event: 0.083 Loaded shared library C:\Program Files\Java\jdk-23\bin\net.dll
Event: 0.084 Loaded shared library C:\Program Files\Java\jdk-23\bin\nio.dll
Event: 0.088 Loaded shared library C:\Program Files\Java\jdk-23\bin\zip.dll
Event: 0.096 Loaded shared library C:\Program Files\JetBrains\IntelliJ IDEA Community Edition 2024.2.4\bin\breakgen64.dll
Event: 0.104 Loaded shared library C:\Program Files\Java\jdk-23\bin\extnet.dll
Event: 0.115 Loaded shared library C:\Program Files\Java\jdk-23\bin\jimage.dll
Event: 0.129 Loaded shared library C:\Program Files\Java\jdk-23\bin\awt.dll
Event: 0.319 Loaded shared library C:\Program Files\Java\jdk-23\bin\freetype.dll
Event: 0.320 Loaded shared library C:\Program Files\Java\jdk-23\bin\fontmanager.dll

Deoptimization events (20 events):
Event: 3.273 Thread 0x0000015fddbbd9c0 Uncommon trap: trap_request=0xffffffde fr.pc=0x0000015f90140098 relative=0x0000000000000198
Event: 3.273 Thread 0x0000015fddbbd9c0 Uncommon trap: reason=class_check action=maybe_recompile pc=0x0000015f90140098 method=java.lang.String.equals(Ljava/lang/Object;)Z @ 8 c2
Event: 3.273 Thread 0x0000015fddbbd9c0 DEOPT PACKING pc=0x0000015f90140098 sp=0x0000001d660fe0a0
Event: 3.273 Thread 0x0000015fddbbd9c0 DEOPT UNPACKING pc=0x0000015f8fbf4402 sp=0x0000001d660fe038 mode 2
Event: 3.273 Thread 0x0000015fddbbd9c0 Uncommon trap: trap_request=0xffffffde fr.pc=0x0000015f90140098 relative=0x0000000000000198
Event: 3.273 Thread 0x0000015fddbbd9c0 Uncommon trap: reason=class_check action=maybe_recompile pc=0x0000015f90140098 method=java.lang.String.equals(Ljava/lang/Object;)Z @ 8 c2
Event: 3.273 Thread 0x0000015fddbbd9c0 DEOPT PACKING pc=0x0000015f90140098 sp=0x0000001d660fe0a0
Event: 3.273 Thread 0x0000015fddbbd9c0 DEOPT UNPACKING pc=0x0000015f8fbf4402 sp=0x0000001d660fe038 mode 2
Event: 5.114 Thread 0x0000015fddbbd9c0 Uncommon trap: trap_request=0xffffffde fr.pc=0x0000015f90140098 relative=0x0000000000000198
Event: 5.114 Thread 0x0000015fddbbd9c0 Uncommon trap: reason=class_check action=maybe_recompile pc=0x0000015f90140098 method=java.lang.String.equals(Ljava/lang/Object;)Z @ 8 c2
Event: 5.114 Thread 0x0000015fddbbd9c0 DEOPT PACKING pc=0x0000015f90140098 sp=0x0000001d660fe1b0
Event: 5.114 Thread 0x0000015fddbbd9c0 DEOPT UNPACKING pc=0x0000015f8fbf4402 sp=0x0000001d660fe148 mode 2
Event: 5.114 Thread 0x0000015fddbbd9c0 Uncommon trap: trap_request=0xffffffde fr.pc=0x0000015f90140098 relative=0x0000000000000198
Event: 5.114 Thread 0x0000015fddbbd9c0 Uncommon trap: reason=class_check action=maybe_recompile pc=0x0000015f90140098 method=java.lang.String.equals(Ljava/lang/Object;)Z @ 8 c2
Event: 5.114 Thread 0x0000015fddbbd9c0 DEOPT PACKING pc=0x0000015f90140098 sp=0x0000001d660fe1b0
Event: 5.114 Thread 0x0000015fddbbd9c0 DEOPT UNPACKING pc=0x0000015f8fbf4402 sp=0x0000001d660fe148 mode 2
Event: 11.681 Thread 0x0000015fddbbd9c0 Uncommon trap: trap_request=0xffffff45 fr.pc=0x0000015f9017be90 relative=0x0000000000000090
Event: 11.681 Thread 0x0000015fddbbd9c0 Uncommon trap: reason=unstable_if action=reinterpret pc=0x0000015f9017be90 method=java.awt.Component.inside(II)Z @ 1 c2
Event: 11.681 Thread 0x0000015fddbbd9c0 DEOPT PACKING pc=0x0000015f9017be90 sp=0x0000001d660fe820
Event: 11.681 Thread 0x0000015fddbbd9c0 DEOPT UNPACKING pc=0x0000015f8fbf4402 sp=0x0000001d660fe6b0 mode 2

Classes loaded (20 events):
Event: 32.883 Loading class sun/java2d/loops/ProcessPath$1
Event: 32.884 Loading class sun/java2d/loops/ProcessPath$EndSubPathHandler
Event: 32.884 Loading class sun/java2d/loops/ProcessPath$EndSubPathHandler done
Event: 32.884 Loading class sun/java2d/loops/ProcessPath$1 done
Event: 32.884 Loading class sun/java2d/loops/ProcessPath$FillProcessHandler
Event: 32.884 Loading class sun/java2d/loops/ProcessPath$ProcessHandler
Event: 32.884 Loading class sun/java2d/loops/ProcessPath$ProcessHandler done
Event: 32.884 Loading class sun/java2d/loops/ProcessPath$FillProcessHandler done
Event: 32.884 Loading class sun/java2d/loops/ProcessPath$FillData
Event: 32.884 Loading class sun/java2d/loops/ProcessPath$FillData done
Event: 32.884 Loading class java/awt/geom/Path2D$Float$CopyIterator
Event: 32.884 Loading class java/awt/geom/Path2D$Float$CopyIterator done
Event: 32.884 Loading class sun/java2d/loops/ProcessPath$Point
Event: 32.884 Loading class sun/java2d/loops/ProcessPath$Point done
Event: 32.884 Loading class sun/java2d/loops/ProcessPath$ActiveEdgeList
Event: 32.884 Loading class sun/java2d/loops/ProcessPath$ActiveEdgeList done
Event: 32.884 Loading class sun/java2d/loops/ProcessPath$Edge
Event: 32.884 Loading class sun/java2d/loops/ProcessPath$Edge done
Event: 32.887 Loading class sun/awt/UngrabEvent
Event: 32.887 Loading class sun/awt/UngrabEvent done

Classes unloaded (0 events):
No events

Classes redefined (0 events):
No events

Internal exceptions (14 events):
Event: 0.092 Thread 0x0000015ff56f0a20 Exception <a 'java/lang/NoSuchMethodError'{0x0000000090956470}: 'java.lang.Object java.lang.invoke.Invokers$Holder.invokeExact_MT(java.lang.Object, java.lang.Object, java.lang.Object, java.lang.Object, java.lang.Object)'> (0x0000000090956470) 
thrown [s\open\src\hotspot\share\interpreter\linkResolver.cpp, line 796]
Event: 0.105 Thread 0x0000015f9786b3d0 Exception <a 'java/lang/NoSuchMethodError'{0x0000000090984050}: 'void java.lang.invoke.DirectMethodHandle$Holder.invokeStatic(java.lang.Object, java.lang.Object)'> (0x0000000090984050) 
thrown [s\open\src\hotspot\share\interpreter\linkResolver.cpp, line 796]
Event: 0.120 Thread 0x0000015ff56f0a20 Exception <a 'java/lang/ClassNotFoundException'{0x000000009080f638}: sun/awt/resources/spi/awtProvider> (0x000000009080f638) 
thrown [s\open\src\hotspot\share\classfile\systemDictionary.cpp, line 313]
Event: 0.137 Thread 0x0000015ff56f0a20 Exception <a 'java/io/FileNotFoundException'{0x0000000090860510}> (0x0000000090860510) 
thrown [s\open\src\hotspot\share\prims\jni.cpp, line 520]
Event: 0.143 Thread 0x0000015ff56f0a20 Exception <a 'java/io/FileNotFoundException'{0x000000009088e8f0}> (0x000000009088e8f0) 
thrown [s\open\src\hotspot\share\prims\jni.cpp, line 520]
Event: 0.254 Thread 0x0000015ff56f0a20 Exception <a 'java/lang/NoSuchMethodError'{0x00000000907a3118}: 'void java.lang.invoke.DirectMethodHandle$Holder.invokeSpecial(java.lang.Object, java.lang.Object, java.lang.Object)'> (0x00000000907a3118) 
thrown [s\open\src\hotspot\share\interpreter\linkResolver.cpp, line 796]
Event: 0.264 Thread 0x0000015ff56f0a20 Exception <a 'java/lang/NoSuchMethodError'{0x00000000907f2800}: 'java.lang.Object java.lang.invoke.DirectMethodHandle$Holder.invokeStatic(java.lang.Object, int, java.lang.Object)'> (0x00000000907f2800) 
thrown [s\open\src\hotspot\share\interpreter\linkResolver.cpp, line 796]
Event: 0.282 Thread 0x0000015ff56f0a20 Exception <a 'java/lang/ClassNotFoundException'{0x00000000906a3f48}: com/sun/swing/internal/plaf/metal/resources/spi/metalProvider> (0x00000000906a3f48) 
thrown [s\open\src\hotspot\share\classfile\systemDictionary.cpp, line 313]
Event: 0.283 Thread 0x0000015ff56f0a20 Exception <a 'java/lang/ClassNotFoundException'{0x00000000906a7f08}: com/sun/swing/internal/plaf/basic/resources/spi/basicProvider> (0x00000000906a7f08) 
thrown [s\open\src\hotspot\share\classfile\systemDictionary.cpp, line 313]
Event: 0.291 Thread 0x0000015ff56f0a20 Exception <a 'java/lang/NoSuchMethodError'{0x00000000906c4a80}: 'int java.lang.invoke.Invokers$Holder.invokeExact_MT(java.lang.Object, java.lang.Object)'> (0x00000000906c4a80) 
thrown [s\open\src\hotspot\share\interpreter\linkResolver.cpp, line 796]
Event: 0.304 Thread 0x0000015f979b70f0 Exception <a 'java/lang/NoSuchMethodError'{0x00000000906faf00}: 'void java.lang.invoke.DirectMethodHandle$Holder.invokeVirtual(java.lang.Object, java.lang.Object)'> (0x00000000906faf00) 
thrown [s\open\src\hotspot\share\interpreter\linkResolver.cpp, line 796]
Event: 0.316 Thread 0x0000015ff56f0a20 Exception <a 'java/lang/NoSuchMethodError'{0x00000000905f9f08}: 'void java.lang.invoke.DirectMethodHandle$Holder.invokeStaticInit(java.lang.Object)'> (0x00000000905f9f08) 
thrown [s\open\src\hotspot\share\interpreter\linkResolver.cpp, line 796]
Event: 9.714 Thread 0x0000015fddcef320 Exception <a 'java/lang/NoSuchMethodError'{0x0000000090285168}: 'java.lang.Object java.lang.invoke.DirectMethodHandle$Holder.newInvokeSpecial(java.lang.Object, java.lang.Object, java.lang.Object, int, int, int, int, int)'> (0x0000000090285168) 
thrown [s\open\src\hotspot\share\interpreter\linkResolver.cpp, line 796]
Event: 9.750 Thread 0x0000015fddbbd9c0 Exception <a 'java/lang/NoSuchMethodError'{0x00000000902462f8}: 'int java.lang.invoke.DirectMethodHandle$Holder.invokeStatic(java.lang.Object)'> (0x00000000902462f8) 
thrown [s\open\src\hotspot\share\interpreter\linkResolver.cpp, line 796]

VM Operations (16 events):
Event: 0.063 Executing VM operation: HandshakeAllThreads (Deoptimize)
Event: 0.063 Executing VM operation: HandshakeAllThreads (Deoptimize) done
Event: 0.152 Executing VM operation: HandshakeAllThreads (Deoptimize)
Event: 0.152 Executing VM operation: HandshakeAllThreads (Deoptimize) done
Event: 0.294 Executing VM operation: HandshakeAllThreads (Deoptimize)
Event: 0.294 Executing VM operation: HandshakeAllThreads (Deoptimize) done
Event: 9.708 Executing VM operation: HandshakeAllThreads (Deoptimize)
Event: 9.708 Executing VM operation: HandshakeAllThreads (Deoptimize) done
Event: 9.724 Executing VM operation: HandshakeAllThreads (Deoptimize)
Event: 9.724 Executing VM operation: HandshakeAllThreads (Deoptimize) done
Event: 13.207 Executing VM operation: HandshakeAllThreads (Deoptimize)
Event: 13.207 Executing VM operation: HandshakeAllThreads (Deoptimize) done
Event: 13.209 Executing VM operation: HandshakeAllThreads (Deoptimize)
Event: 13.209 Executing VM operation: HandshakeAllThreads (Deoptimize) done
Event: 32.866 Executing VM operation: HandshakeAllThreads (Deoptimize)
Event: 32.866 Executing VM operation: HandshakeAllThreads (Deoptimize) done

Memory protections (0 events):
No events

Nmethod flushes (0 events):
No events

Events (20 events):
Event: 0.036 Thread 0x0000015ff56f0a20 Thread added: 0x0000015ffd362180
Event: 0.036 Thread 0x0000015ff56f0a20 Thread added: 0x0000015ffd368b50
Event: 0.036 Thread 0x0000015ff56f0a20 Thread added: 0x0000015ffd3696e0
Event: 0.036 Thread 0x0000015ff56f0a20 Thread added: 0x0000015ffd36b150
Event: 0.036 Thread 0x0000015ff56f0a20 Thread added: 0x0000015ffd3763e0
Event: 0.036 Thread 0x0000015ff56f0a20 Thread added: 0x0000015ffd378590
Event: 0.036 Thread 0x0000015ff56f0a20 Thread added: 0x0000015ffd37c540
Event: 0.057 Thread 0x0000015ff56f0a20 Thread added: 0x0000015f9774e930
Event: 0.097 Thread 0x0000015ff56f0a20 Thread added: 0x0000015f9786b3d0
Event: 0.097 Thread 0x0000015ff56f0a20 Thread added: 0x0000015f9786ba40
Event: 0.191 Thread 0x0000015ff56f0a20 Thread added: 0x0000015f979b5120
Event: 0.192 Thread 0x0000015ff56f0a20 Thread added: 0x0000015f979b5c10
Event: 0.193 Thread 0x0000015ff56f0a20 Thread added: 0x0000015f979b70f0
Event: 0.303 Thread 0x0000015f979b70f0 Thread added: 0x0000015fddbbd9c0
Event: 0.358 Thread 0x0000015ff56f0a20 Thread exited: 0x0000015ff56f0a20
Event: 0.358 Thread 0x0000015ff56f0a20 Thread added: 0x0000015ff56f0a20
Event: 0.362 Thread 0x0000015fddbbd9c0 Thread added: 0x0000015fddc3fbb0
Event: 1.797 Thread 0x0000015fddbbd9c0 Thread added: 0x0000015fddde0810
Event: 9.710 Thread 0x0000015fddbbd9c0 Thread added: 0x0000015fddcef320
Event: 14.726 Thread 0x0000015fddcef320 Thread exited: 0x0000015fddcef320


Dynamic libraries:
0x00007ff6dc420000 - 0x00007ff6dc430000 	C:\Program Files\Java\jdk-23\bin\java.exe
0x00007fff70910000 - 0x00007fff70b27000 	C:\WINDOWS\SYSTEM32\ntdll.dll
0x00007fff70230000 - 0x00007fff702f4000 	C:\WINDOWS\System32\KERNEL32.DLL
0x00007fff6dce0000 - 0x00007fff6e0b0000 	C:\WINDOWS\System32\KERNELBASE.dll
0x00007fff6e0b0000 - 0x00007fff6e1c1000 	C:\WINDOWS\System32\ucrtbase.dll
0x00007fff67520000 - 0x00007fff67537000 	C:\Program Files\Java\jdk-23\bin\jli.dll
0x00007fff5f330000 - 0x00007fff5f34b000 	C:\Program Files\Java\jdk-23\bin\VCRUNTIME140.dll
0x00007fff6fc20000 - 0x00007fff6fdce000 	C:\WINDOWS\System32\USER32.dll
0x00007fff6e1d0000 - 0x00007fff6e1f6000 	C:\WINDOWS\System32\win32u.dll
0x00007fff5b6a0000 - 0x00007fff5b932000 	C:\WINDOWS\WinSxS\amd64_microsoft.windows.common-controls_6595b64144ccf1df_6.0.22621.4830_none_270fe7d773858e80\COMCTL32.dll
0x00007fff6fa70000 - 0x00007fff6fa99000 	C:\WINDOWS\System32\GDI32.dll
0x00007fff6e910000 - 0x00007fff6e9b7000 	C:\WINDOWS\System32\msvcrt.dll
0x00007fff6dbc0000 - 0x00007fff6dcdb000 	C:\WINDOWS\System32\gdi32full.dll
0x00007fff6e560000 - 0x00007fff6e5fa000 	C:\WINDOWS\System32\msvcp_win.dll
0x00007fff70410000 - 0x00007fff70441000 	C:\WINDOWS\System32\IMM32.DLL
0x00007fff68080000 - 0x00007fff6808c000 	C:\Program Files\Java\jdk-23\bin\vcruntime140_1.dll
0x00007fff5dd10000 - 0x00007fff5dd9e000 	C:\Program Files\Java\jdk-23\bin\msvcp140.dll
0x00007fff0de10000 - 0x00007fff0eb5f000 	C:\Program Files\Java\jdk-23\bin\server\jvm.dll
0x00007fff6e9c0000 - 0x00007fff6ea71000 	C:\WINDOWS\System32\ADVAPI32.dll
0x00007fff6f9b0000 - 0x00007fff6fa57000 	C:\WINDOWS\System32\sechost.dll
0x00007fff6e200000 - 0x00007fff6e228000 	C:\WINDOWS\System32\bcrypt.dll
0x00007fff6ff80000 - 0x00007fff70094000 	C:\WINDOWS\System32\RPCRT4.dll
0x00007fff6ea90000 - 0x00007fff6eb01000 	C:\WINDOWS\System32\WS2_32.dll
0x00007fff6d8e0000 - 0x00007fff6d92d000 	C:\WINDOWS\SYSTEM32\POWRPROF.dll
0x00007fff69500000 - 0x00007fff69534000 	C:\WINDOWS\SYSTEM32\WINMM.dll
0x00007fff65770000 - 0x00007fff6577a000 	C:\WINDOWS\SYSTEM32\VERSION.dll
0x00007fff6d8c0000 - 0x00007fff6d8d3000 	C:\WINDOWS\SYSTEM32\UMPDC.dll
0x00007fff6cc00000 - 0x00007fff6cc18000 	C:\WINDOWS\SYSTEM32\kernel.appcore.dll
0x00007fff5de10000 - 0x00007fff5de1a000 	C:\Program Files\Java\jdk-23\bin\jimage.dll
0x00007fff68670000 - 0x00007fff688a2000 	C:\WINDOWS\SYSTEM32\DBGHELP.DLL
0x00007fff6ec30000 - 0x00007fff6efc0000 	C:\WINDOWS\System32\combase.dll
0x00007fff6e7c0000 - 0x00007fff6e897000 	C:\WINDOWS\System32\OLEAUT32.dll
0x00007fff5c710000 - 0x00007fff5c742000 	C:\WINDOWS\SYSTEM32\dbgcore.DLL
0x00007fff6e2b0000 - 0x00007fff6e32b000 	C:\WINDOWS\System32\bcryptPrimitives.dll
0x00007fff5dde0000 - 0x00007fff5ddef000 	C:\Program Files\Java\jdk-23\bin\instrument.dll
0x00007fff5ddf0000 - 0x00007fff5de0e000 	C:\Program Files\Java\jdk-23\bin\java.dll
0x00007fff6fdd0000 - 0x00007fff6ff71000 	C:\WINDOWS\System32\ole32.dll
0x00007fff6efc0000 - 0x00007fff6f838000 	C:\WINDOWS\System32\SHELL32.dll
0x00007fff6bb10000 - 0x00007fff6c420000 	C:\WINDOWS\SYSTEM32\windows.storage.dll
0x00007fff6b9d0000 - 0x00007fff6bb0f000 	C:\WINDOWS\SYSTEM32\wintypes.dll
0x00007fff6eb10000 - 0x00007fff6ec1a000 	C:\WINDOWS\System32\SHCORE.dll
0x00007fff70390000 - 0x00007fff703ee000 	C:\WINDOWS\System32\shlwapi.dll
0x00007fff6daf0000 - 0x00007fff6db1b000 	C:\WINDOWS\SYSTEM32\profapi.dll
0x00007fff59930000 - 0x00007fff59a07000 	C:\Program Files\Java\jdk-23\bin\jsvml.dll
0x00007fff5a190000 - 0x00007fff5a1a7000 	C:\Program Files\Java\jdk-23\bin\zip.dll
0x00007fff5dd00000 - 0x00007fff5dd10000 	C:\Program Files\Java\jdk-23\bin\net.dll
0x00007fff6d080000 - 0x00007fff6d0ea000 	C:\WINDOWS\system32\mswsock.dll
0x00007fff5a1b0000 - 0x00007fff5a1c6000 	C:\Program Files\Java\jdk-23\bin\nio.dll
0x00007fff5a170000 - 0x00007fff5a18a000 	C:\Program Files\JetBrains\IntelliJ IDEA Community Edition 2024.2.4\bin\breakgen64.dll
0x00007fff5a160000 - 0x00007fff5a169000 	C:\Program Files\Java\jdk-23\bin\extnet.dll
0x00007fff11dc0000 - 0x00007fff11f4e000 	C:\Program Files\Java\jdk-23\bin\awt.dll
0x00007fff681d0000 - 0x00007fff68267000 	C:\WINDOWS\SYSTEM32\apphelp.dll
0x00007fff6b310000 - 0x00007fff6b33b000 	C:\WINDOWS\system32\DWMAPI.DLL
0x00007fff6b090000 - 0x00007fff6b141000 	C:\WINDOWS\system32\uxtheme.dll
0x00007fff3b7e0000 - 0x00007fff3b8e0000 	C:\WINDOWS\system32\opengl32.dll
0x00007fff55150000 - 0x00007fff5517d000 	C:\WINDOWS\SYSTEM32\GLU32.dll
0x00007fff6b1b0000 - 0x00007fff6b1e7000 	C:\WINDOWS\SYSTEM32\dxcore.dll
0x00007fff6f850000 - 0x00007fff6f9af000 	C:\WINDOWS\System32\MSCTF.dll
0x00007fff51e10000 - 0x00007fff51fb8000 	C:\WINDOWS\system32\d3d9.dll
0x00007fff63b60000 - 0x00007fff63d1b000 	C:\WINDOWS\System32\DriverStore\FileRepository\u0407052.inf_amd64_84d15514ad17ffa0\B406619\aticfx64.dll
0x00007fff598f0000 - 0x00007fff59924000 	C:\WINDOWS\System32\DriverStore\FileRepository\u0407052.inf_amd64_84d15514ad17ffa0\B406619\atiu9p64.dll
0x00007fff0d0c0000 - 0x00007fff0de07000 	C:\WINDOWS\System32\DriverStore\FileRepository\u0407052.inf_amd64_84d15514ad17ffa0\B406619\atiumd64.dll
0x0000000054ee0000 - 0x0000000055df3000 	C:\WINDOWS\System32\DriverStore\FileRepository\u0407052.inf_amd64_84d15514ad17ffa0\B406619\atiumd6a.dll
0x00007fff70450000 - 0x00007fff708c4000 	C:\WINDOWS\System32\SETUPAPI.dll
0x00007fff61850000 - 0x00007fff61885000 	C:\WINDOWS\SYSTEM32\amdihk64.dll
0x00007fff65e60000 - 0x00007fff65ea9000 	C:\WINDOWS\SYSTEM32\directxdatabasehelper.dll
0x00007fff521b0000 - 0x00007fff52237000 	C:\Program Files\Java\jdk-23\bin\freetype.dll
0x00007fff4b440000 - 0x00007fff4b517000 	C:\Program Files\Java\jdk-23\bin\fontmanager.dll
0x00007fff5fb00000 - 0x00007fff5fc46000 	C:\WINDOWS\SYSTEM32\textinputframework.dll
0x00007fff67cb0000 - 0x00007fff67de5000 	C:\WINDOWS\SYSTEM32\CoreMessaging.dll
0x00007fff65850000 - 0x00007fff65bbc000 	C:\WINDOWS\SYSTEM32\CoreUIComponents.dll
0x00007fff6d2f0000 - 0x00007fff6d2fc000 	C:\WINDOWS\SYSTEM32\CRYPTBASE.DLL
0x00007fff700a0000 - 0x00007fff70150000 	C:\WINDOWS\System32\clbcatq.dll
0x00007fff6ae90000 - 0x00007fff6b040000 	C:\WINDOWS\SYSTEM32\WindowsCodecs.dll
0x00007fff51570000 - 0x00007fff515ce000 	C:\WINDOWS\system32\dataexchange.dll
0x00007fff64660000 - 0x00007fff64905000 	C:\WINDOWS\system32\twinapi.appcore.dll

dbghelp: loaded successfully - version: 4.0.5 - missing functions: none
symbol engine: initialized successfully - sym options: 0x614 - pdb path: .;C:\Program Files\Java\jdk-23\bin;C:\WINDOWS\SYSTEM32;C:\WINDOWS\WinSxS\amd64_microsoft.windows.common-controls_6595b64144ccf1df_6.0.22621.4830_none_270fe7d773858e80;C:\Program Files\Java\jdk-23\bin\server;C:\Program Files\JetBrains\IntelliJ IDEA Community Edition 2024.2.4\bin;C:\WINDOWS\System32\DriverStore\FileRepository\u0407052.inf_amd64_84d15514ad17ffa0\B406619

VM Arguments:
jvm_args: -javaagent:C:\Program Files\JetBrains\IntelliJ IDEA Community Edition 2024.2.4\lib\idea_rt.jar=50301:C:\Program Files\JetBrains\IntelliJ IDEA Community Edition 2024.2.4\bin -Dfile.encoding=UTF-8 -Dsun.stdout.encoding=UTF-8 -Dsun.stderr.encoding=UTF-8 
java_command: Urna.Main
java_class_path (initial): C:\Users\mjose\Documents\GitHub\urna_IFPI\out\production\urna_IFPI
Launcher Type: SUN_STANDARD

[Global flags]
     intx CICompilerCount                          = 4                                         {product} {ergonomic}
     uint ConcGCThreads                            = 3                                         {product} {ergonomic}
     uint G1ConcRefinementThreads                  = 10                                        {product} {ergonomic}
   size_t G1HeapRegionSize                         = 1048576                                   {product} {ergonomic}
   size_t InitialHeapSize                          = 125829120                                 {product} {ergonomic}
   size_t MarkStackSize                            = 4194304                                   {product} {ergonomic}
   size_t MarkStackSizeMax                         = 536870912                                 {product} {ergonomic}
   size_t MaxHeapSize                              = 1992294400                                {product} {ergonomic}
   size_t MaxNewSize                               = 1195376640                                {product} {ergonomic}
   size_t MinHeapDeltaBytes                        = 1048576                                   {product} {ergonomic}
   size_t MinHeapSize                              = 8388608                                   {product} {ergonomic}
    uintx NonNMethodCodeHeapSize                   = 5832704                                {pd product} {ergonomic}
    uintx NonProfiledCodeHeapSize                  = 122945536                              {pd product} {ergonomic}
    uintx ProfiledCodeHeapSize                     = 122880000                              {pd product} {ergonomic}
    uintx ReservedCodeCacheSize                    = 251658240                              {pd product} {ergonomic}
     bool SegmentedCodeCache                       = true                                      {product} {ergonomic}
   size_t SoftMaxHeapSize                          = 1992294400                             {manageable} {ergonomic}
     bool UseCompressedOops                        = true                           {product lp64_product} {ergonomic}
     bool UseG1GC                                  = true                                      {product} {ergonomic}
     bool UseLargePagesIndividualAllocation        = false                                  {pd product} {ergonomic}

Logging:
Log output configuration:
 #0: stdout all=warning uptime,level,tags foldmultilines=false
 #1: stderr all=off uptime,level,tags foldmultilines=false

Environment Variables:
PATH=C:\Program Files\Common Files\Oracle\Java\javapath;C:\WINDOWS\system32;C:\WINDOWS;C:\WINDOWS\System32\Wbem;C:\WINDOWS\System32\WindowsPowerShell\v1.0\;C:\WINDOWS\System32\OpenSSH\;C:\MinGW\bin;C:\Program Files\Git\cmd;C:\Program Files\dotnet\;C:\Program Files\MySQL\MySQL Shell 8.0\bin\;C:\Program Files (x86)\Arm GNU Toolchain arm-none-eabi\13.3 rel1\bin;C:\Users\mjose\AppData\Local\Microsoft\WindowsApps;C:\Users\mjose\AppData\Local\Programs\Microsoft VS Code\bin;C:\MinGW\bin;C:\Users\mjose\AppData\Local\GitHubDesktop\bin;C:\Users\mjose\.dotnet\tools
USERNAME=mjose
OS=Windows_NT
PROCESSOR_IDENTIFIER=AMD64 Family 23 Model 96 Stepping 1, AuthenticAMD
TMP=C:\Users\mjose\AppData\Local\Temp
TEMP=C:\Users\mjose\AppData\Local\Temp




Periodic native trim disabled

---------------  S Y S T E M  ---------------

OS:
 Windows 11 , 64 bit Build 22621 (10.0.22621.4830)
OS uptime: 0 days 0:52 hours

CPU: total 12 (initial active 12) (12 cores per cpu, 2 threads per core) family 23 model 96 stepping 1 microcode 0x0, cx8, cmov, fxsr, ht, mmx, 3dnowpref, sse, sse2, sse3, ssse3, sse4a, sse4.1, sse4.2, popcnt, lzcnt, tsc, tscinvbit, avx, avx2, aes, clmul, bmi1, bmi2, adx, sha, fma, vzeroupper, clflush, clflushopt, rdtscp, rdpid, f16c
Processor Information for the first 12 processors :
  Max Mhz: 3001, Current Mhz: 3001, Mhz Limit: 3001

Memory: 4k page, system-wide physical 7596M (1435M free)
TotalPageFile size 9596M (AvailPageFile size 2M)
current process WorkingSet (physical memory assigned to process): 112M, peak: 116M
current process commit charge ("private bytes"): 292M, peak: 297M

vm_info: Java HotSpot(TM) 64-Bit Server VM (23.0.1+11-39) for windows-amd64 JRE (23.0.1+11-39), built on 2024-09-30T07:20:43Z with MS VC++ 17.6 (VS2022)

END.
